
Circuit 1 cell sky130_fd_pr__pfet_01v8 and Circuit 2 cell sky130_fd_pr__pfet_01v8 are black boxes.
Warning: Equate pins:  cell sky130_fd_pr__pfet_01v8 is a placeholder, treated as a black box.
Warning: Equate pins:  cell sky130_fd_pr__pfet_01v8 is a placeholder, treated as a black box.

Subcircuit pins:
Circuit 1: sky130_fd_pr__pfet_01v8         |Circuit 2: sky130_fd_pr__pfet_01v8         
-------------------------------------------|-------------------------------------------
1                                          |1                                          
2                                          |2                                          
3                                          |3                                          
4                                          |4                                          
---------------------------------------------------------------------------------------
Cell pin lists are equivalent.
Device classes sky130_fd_pr__pfet_01v8 and sky130_fd_pr__pfet_01v8 are equivalent.

Circuit 1 cell sky130_fd_pr__nfet_01v8 and Circuit 2 cell sky130_fd_pr__nfet_01v8 are black boxes.
Warning: Equate pins:  cell sky130_fd_pr__nfet_01v8 is a placeholder, treated as a black box.
Warning: Equate pins:  cell sky130_fd_pr__nfet_01v8 is a placeholder, treated as a black box.

Subcircuit pins:
Circuit 1: sky130_fd_pr__nfet_01v8         |Circuit 2: sky130_fd_pr__nfet_01v8         
-------------------------------------------|-------------------------------------------
1                                          |1                                          
2                                          |2                                          
3                                          |3                                          
4                                          |4                                          
---------------------------------------------------------------------------------------
Cell pin lists are equivalent.
Device classes sky130_fd_pr__nfet_01v8 and sky130_fd_pr__nfet_01v8 are equivalent.

Circuit 1 cell sky130_fd_pr__cap_mim_m3_2 and Circuit 2 cell sky130_fd_pr__cap_mim_m3_2 are black boxes.
Warning: Equate pins:  cell sky130_fd_pr__cap_mim_m3_2 is a placeholder, treated as a black box.
Warning: Equate pins:  cell sky130_fd_pr__cap_mim_m3_2 is a placeholder, treated as a black box.

Subcircuit pins:
Circuit 1: sky130_fd_pr__cap_mim_m3_2      |Circuit 2: sky130_fd_pr__cap_mim_m3_2      
-------------------------------------------|-------------------------------------------
1                                          |1                                          
2                                          |2                                          
---------------------------------------------------------------------------------------
Cell pin lists are equivalent.
Device classes sky130_fd_pr__cap_mim_m3_2 and sky130_fd_pr__cap_mim_m3_2 are equivalent.
Flattening unmatched subcell sky130_fd_pr__pfet_01v8_TXPUN4 in circuit comparator (1)(4 instances)
Flattening unmatched subcell sky130_fd_pr__res_xhigh_po_0p35_EVX2CU in circuit comparator (1)(1 instance)
Flattening unmatched subcell sky130_fd_pr__nfet_01v8_MCTHSQ in circuit comparator (1)(2 instances)
Flattening unmatched subcell sky130_fd_pr__pfet_01v8_KF6HW3 in circuit comparator (1)(1 instance)
Flattening unmatched subcell sky130_fd_pr__nfet_01v8_3GJG22 in circuit comparator (1)(1 instance)
Flattening unmatched subcell sky130_fd_pr__pfet_01v8_3K78K9 in circuit comparator (1)(1 instance)
Flattening unmatched subcell sky130_fd_pr__nfet_01v8_9PL6X7 in circuit comparator (1)(1 instance)
Flattening unmatched subcell sky130_fd_pr__nfet_01v8_HDMJBH in circuit comparator (1)(1 instance)
Flattening unmatched subcell sky130_fd_pr__res_xhigh_po_0p35_VRFBSD in circuit comparator (1)(2 instances)
Flattening unmatched subcell sky130_fd_pr__nfet_01v8_N9CY5J in circuit comparator (1)(1 instance)
Flattening unmatched subcell sky130_fd_pr__nfet_01v8_4D98W7 in circuit comparator (1)(1 instance)

Class comparator (1):  Merged 1 series devices.
Subcircuit summary:
Circuit 1: comparator                      |Circuit 2: comparator                      
-------------------------------------------|-------------------------------------------
sky130_fd_pr__pfet_01v8 (6)                |sky130_fd_pr__pfet_01v8 (6)                
sky130_fd_pr__nfet_01v8 (7)                |sky130_fd_pr__nfet_01v8 (7)                
sky130_fd_pr__res_high_po (2)              |(no matching element)                      
(no matching element)                      |sky130_fd_pr__res_xhigh_po_0p35 (3->2)     
Number of devices: 15                      |Number of devices: 15                      
Number of nets: 12                         |Number of nets: 12                         
---------------------------------------------------------------------------------------
NET mismatches: Class fragments follow (with fanout counts):
Circuit 1: comparator                      |Circuit 2: comparator                      

---------------------------------------------------------------------------------------
Net: net6                                  |Net: XM3/G                                 
  sky130_fd_pr__nfet_01v8/(1|3) = 1        |  sky130_fd_pr__nfet_01v8/2 = 1            
  sky130_fd_pr__res_high_po/(1|2) = 1      |  sky130_fd_pr__res_xhigh_po_0p35/(1|2) =  
                                           |                                           
Net: Vplus                                 |Net: XM11/S                                
  sky130_fd_pr__nfet_01v8/2 = 1            |  sky130_fd_pr__res_xhigh_po_0p35/(1|2) =  
  sky130_fd_pr__res_high_po/(1|2) = 1      |  sky130_fd_pr__nfet_01v8/(1|3) = 1        
---------------------------------------------------------------------------------------

---------------------------------------------------------------------------------------
Net: Out                                   |Net: XM8/S                                 
  sky130_fd_pr__pfet_01v8/(1|3) = 1        |  sky130_fd_pr__pfet_01v8/(1|3) = 1        
  sky130_fd_pr__nfet_01v8/(1|3) = 1        |  sky130_fd_pr__nfet_01v8/(1|3) = 1        
  sky130_fd_pr__res_high_po/(1|2) = 1      |  sky130_fd_pr__res_xhigh_po_0p35/(1|2) =  
---------------------------------------------------------------------------------------

---------------------------------------------------------------------------------------
Net: gnd                                   |Net: VSUBS                                 
  sky130_fd_pr__nfet_01v8/(1|3) = 4        |  sky130_fd_pr__nfet_01v8/(1|3) = 4        
  sky130_fd_pr__nfet_01v8/4 = 7            |  sky130_fd_pr__nfet_01v8/4 = 7            
  sky130_fd_pr__res_high_po/3 = 2          |  sky130_fd_pr__res_xhigh_po_0p35/3 = 2    
  sky130_fd_pr__res_high_po/(1|2) = 1      |  sky130_fd_pr__res_xhigh_po_0p35/(1|2) =  
---------------------------------------------------------------------------------------
DEVICE mismatches: Class fragments follow (with node fanout counts):
Circuit 1: comparator                      |Circuit 2: comparator                      

---------------------------------------------------------------------------------------
Instance: sky130_fd_pr__res_high_po:R1     |Instance: sky130_fd_pr__res_xhigh_po_0p35_ 
  (1,2) = (3,2)                            |  (1,2) = (14,2)                           
  3 = 14                                   |  3 = 14                                   
                                           |                                           
Instance: sky130_fd_pr__res_high_po:R2     |Instance: sky130_fd_pr__res_xhigh_po_0p35_ 
  (1,2) = (14,2)                           |  (1,2) = (3,2)                            
  3 = 14                                   |  3 = 14                                   
---------------------------------------------------------------------------------------
Netlists do not match.
Port matching may fail to disambiguate symmetries.
  Flattening non-matched subcircuits comparator comparator
Flattening unmatched subcell sky130_fd_pr__nfet_01v8_3M8PRF in circuit pulse_generator (1)(5 instances)
Flattening unmatched subcell sky130_fd_pr__pfet_01v8_6ME4C9 in circuit pulse_generator (1)(6 instances)
Flattening unmatched subcell sky130_fd_pr__nfet_01v8_2RKAFH in circuit pulse_generator (1)(1 instance)
Flattening unmatched subcell sky130_fd_pr__pfet_01v8_3KTXK9 in circuit pulse_generator (1)(1 instance)
Flattening unmatched subcell sky130_fd_pr__nfet_01v8_E9XCMH in circuit pulse_generator (1)(1 instance)

Subcircuit summary:
Circuit 1: pulse_generator                 |Circuit 2: pulse_generator                 
-------------------------------------------|-------------------------------------------
sky130_fd_pr__nfet_01v8 (7)                |sky130_fd_pr__nfet_01v8 (7)                
sky130_fd_pr__pfet_01v8 (7)                |sky130_fd_pr__pfet_01v8 (7)                
Number of devices: 14                      |Number of devices: 14                      
Number of nets: 10                         |Number of nets: 10                         
---------------------------------------------------------------------------------------
Netlists match uniquely.

Subcircuit pins:
Circuit 1: pulse_generator                 |Circuit 2: pulse_generator                 
-------------------------------------------|-------------------------------------------
Vdd                                        |Vdd                                        
out                                        |out                                        
gnd                                        |gnd                                        
in                                         |in                                         
---------------------------------------------------------------------------------------
Cell pin lists are equivalent.
Device classes pulse_generator and pulse_generator are equivalent.
Flattening unmatched subcell sky130_fd_pr__pfet_01v8_KF6HW3 in circuit sr_latch (1)(4 instances)
Flattening unmatched subcell sky130_fd_pr__nfet_01v8_3GJG22 in circuit sr_latch (1)(4 instances)

Subcircuit summary:
Circuit 1: sr_latch                        |Circuit 2: sr_latch                        
-------------------------------------------|-------------------------------------------
sky130_fd_pr__pfet_01v8 (4)                |sky130_fd_pr__pfet_01v8 (4)                
sky130_fd_pr__nfet_01v8 (4)                |sky130_fd_pr__nfet_01v8 (4)                
Number of devices: 8                       |Number of devices: 8                       
Number of nets: 8                          |Number of nets: 8                          
---------------------------------------------------------------------------------------
Resolving symmetries by property value.
Resolving symmetries by pin name.
Netlists match uniquely.

Subcircuit pins:
Circuit 1: sr_latch                        |Circuit 2: sr_latch                        
-------------------------------------------|-------------------------------------------
Gnd                                        |Gnd                                        
Vdd                                        |Vdd                                        
Set                                        |Set                                        
Rst                                        |Rst                                        
Q                                          |Q                                          
QB                                         |QB                                         
---------------------------------------------------------------------------------------
Cell pin lists are equivalent.
Device classes sr_latch and sr_latch are equivalent.
Flattening unmatched subcell sky130_fd_pr__nfet_01v8_U7EHYF in circuit rc (1)(10 instances)
Flattening unmatched subcell sky130_fd_pr__nfet_01v8_WCR8Q2 in circuit rc (1)(10 instances)
Flattening unmatched subcell sky130_fd_pr__nfet_01v8_U7EHBG in circuit rc (1)(1 instance)
Flattening unmatched subcell sky130_fd_pr__pfet_01v8_3KFYM3 in circuit rc (1)(1 instance)
Flattening unmatched subcell r455k in circuit rc (1)(4 instances)
Flattening unmatched subcell sky130_fd_pr__res_xhigh_po_0p35_XJMT56 in circuit rc (1)(20 instances)
Flattening unmatched subcell sky130_fd_pr__cap_mim_m3_2_9C22PS in circuit rc (1)(4 instances)
Flattening unmatched subcell sky130_fd_pr__cap_mim_m3_2_YCP9R3 in circuit rc (1)(2 instances)
Flattening unmatched subcell sky130_fd_pr__pfet_01v8_YJX38K in circuit rc (1)(4 instances)
Flattening unmatched subcell sky130_fd_pr__cap_mim_m3_2_7P7PSN in circuit rc (1)(2 instances)
Flattening unmatched subcell sky130_fd_pr__cap_mim_m3_2_QTMDRE in circuit rc (1)(2 instances)
Flattening unmatched subcell sky130_fd_pr__cap_mim_m3_2_VGL9LM in circuit rc (1)(2 instances)
Flattening unmatched subcell sky130_fd_pr__cap_mim_m3_2_EBAAWH in circuit rc (1)(2 instances)
Flattening unmatched subcell sky130_fd_pr__cap_mim_m3_2_L3QPZK in circuit rc (1)(2 instances)

Class rc (1):  Merged 16 series devices.
Subcircuit summary:
Circuit 1: rc                              |Circuit 2: rc                              
-------------------------------------------|-------------------------------------------
sky130_fd_pr__res_high_po (4)              |(no matching element)                      
sky130_fd_pr__cap_mim_m3_2 (16)            |sky130_fd_pr__cap_mim_m3_2 (16)            
sky130_fd_pr__nfet_01v8 (21)               |sky130_fd_pr__nfet_01v8 (21)               
sky130_fd_pr__pfet_01v8 (5)                |sky130_fd_pr__pfet_01v8 (5)                
(no matching element)                      |sky130_fd_pr__res_xhigh_po_0p35 (20->4)    
Number of devices: 46                      |Number of devices: 46                      
Number of nets: 36                         |Number of nets: 36                         
---------------------------------------------------------------------------------------
NET mismatches: Class fragments follow (with fanout counts):
Circuit 1: rc                              |Circuit 2: rc                              

---------------------------------------------------------------------------------------
Net: net18                                 |Net: XM11/S                                
  sky130_fd_pr__cap_mim_m3_2/2 = 1         |  sky130_fd_pr__cap_mim_m3_2/1 = 1         
  sky130_fd_pr__nfet_01v8/(1|3) = 1        |  sky130_fd_pr__nfet_01v8/(1|3) = 1        
                                           |                                           
Net: net17                                 |Net: XM8/S                                 
  sky130_fd_pr__cap_mim_m3_2/2 = 1         |  sky130_fd_pr__nfet_01v8/(1|3) = 1        
  sky130_fd_pr__nfet_01v8/(1|3) = 1        |  sky130_fd_pr__cap_mim_m3_2/1 = 1         
                                           |                                           
Net: net16                                 |Net: XM7/S                                 
  sky130_fd_pr__cap_mim_m3_2/2 = 1         |  sky130_fd_pr__nfet_01v8/(1|3) = 1        
  sky130_fd_pr__nfet_01v8/(1|3) = 1        |  sky130_fd_pr__cap_mim_m3_2/1 = 1         
                                           |                                           
Net: net15                                 |Net: XM6/S                                 
  sky130_fd_pr__cap_mim_m3_2/2 = 1         |  sky130_fd_pr__nfet_01v8/(1|3) = 1        
  sky130_fd_pr__nfet_01v8/(1|3) = 1        |  sky130_fd_pr__cap_mim_m3_2/1 = 1         
                                           |                                           
Net: net14                                 |Net: XM5/S                                 
  sky130_fd_pr__cap_mim_m3_2/2 = 1         |  sky130_fd_pr__nfet_01v8/(1|3) = 1        
  sky130_fd_pr__nfet_01v8/(1|3) = 1        |  sky130_fd_pr__cap_mim_m3_2/1 = 1         
                                           |                                           
Net: net13                                 |Net: XM4/S                                 
  sky130_fd_pr__cap_mim_m3_2/2 = 1         |  sky130_fd_pr__nfet_01v8/(1|3) = 1        
  sky130_fd_pr__nfet_01v8/(1|3) = 1        |  sky130_fd_pr__cap_mim_m3_2/1 = 1         
                                           |                                           
Net: net12                                 |Net: XM3/S                                 
  sky130_fd_pr__cap_mim_m3_2/2 = 1         |  sky130_fd_pr__nfet_01v8/(1|3) = 1        
  sky130_fd_pr__nfet_01v8/(1|3) = 1        |  sky130_fd_pr__cap_mim_m3_2/1 = 1         
                                           |                                           
Net: net11                                 |Net: XM2/S                                 
  sky130_fd_pr__cap_mim_m3_2/2 = 1         |  sky130_fd_pr__nfet_01v8/(1|3) = 1        
  sky130_fd_pr__nfet_01v8/(1|3) = 1        |  sky130_fd_pr__cap_mim_m3_2/1 = 1         
                                           |                                           
Net: net8                                  |Net: XM1/S                                 
  sky130_fd_pr__cap_mim_m3_2/2 = 1         |  sky130_fd_pr__nfet_01v8/(1|3) = 1        
  sky130_fd_pr__nfet_01v8/(1|3) = 1        |  sky130_fd_pr__cap_mim_m3_2/1 = 1         
                                           |                                           
Net: net7                                  |Net: XM18/S                                
  sky130_fd_pr__cap_mim_m3_2/2 = 1         |  sky130_fd_pr__nfet_01v8/(1|3) = 1        
  sky130_fd_pr__nfet_01v8/(1|3) = 1        |  sky130_fd_pr__cap_mim_m3_2/1 = 1         
                                           |                                           
Net: net6                                  |Net: XM17/S                                
  sky130_fd_pr__cap_mim_m3_2/2 = 1         |  sky130_fd_pr__nfet_01v8/(1|3) = 1        
  sky130_fd_pr__nfet_01v8/(1|3) = 1        |  sky130_fd_pr__cap_mim_m3_2/1 = 1         
                                           |                                           
Net: net5                                  |Net: XM16/S                                
  sky130_fd_pr__cap_mim_m3_2/2 = 1         |  sky130_fd_pr__nfet_01v8/(1|3) = 1        
  sky130_fd_pr__nfet_01v8/(1|3) = 1        |  sky130_fd_pr__cap_mim_m3_2/1 = 1         
                                           |                                           
Net: net4                                  |Net: XM15/S                                
  sky130_fd_pr__cap_mim_m3_2/2 = 1         |  sky130_fd_pr__nfet_01v8/(1|3) = 1        
  sky130_fd_pr__nfet_01v8/(1|3) = 1        |  sky130_fd_pr__cap_mim_m3_2/1 = 1         
                                           |                                           
Net: net3                                  |Net: XM13/S                                
  sky130_fd_pr__cap_mim_m3_2/2 = 1         |  sky130_fd_pr__nfet_01v8/(1|3) = 1        
  sky130_fd_pr__nfet_01v8/(1|3) = 1        |  sky130_fd_pr__cap_mim_m3_2/1 = 1         
                                           |                                           
Net: net2                                  |Net: XM14/S                                
  sky130_fd_pr__cap_mim_m3_2/2 = 1         |  sky130_fd_pr__nfet_01v8/(1|3) = 1        
  sky130_fd_pr__nfet_01v8/(1|3) = 1        |  sky130_fd_pr__cap_mim_m3_2/1 = 1         
                                           |                                           
Net: net1                                  |Net: XM12/S                                
  sky130_fd_pr__cap_mim_m3_2/2 = 1         |  sky130_fd_pr__nfet_01v8/(1|3) = 1        
  sky130_fd_pr__nfet_01v8/(1|3) = 1        |  sky130_fd_pr__cap_mim_m3_2/1 = 1         
                                           |                                           
Net: net19                                 |Net: sky130_fd_pr__nfet_01v8_U7EHYF_0/S    
  sky130_fd_pr__res_high_po/(1|2) = 1      |  sky130_fd_pr__res_xhigh_po_0p35/(1|2) =  
  sky130_fd_pr__nfet_01v8/(1|3) = 1        |  sky130_fd_pr__nfet_01v8/(1|3) = 1        
                                           |                                           
Net: net9                                  |Net: XM9/S                                 
  sky130_fd_pr__res_high_po/(1|2) = 1      |  sky130_fd_pr__res_xhigh_po_0p35/(1|2) =  
  sky130_fd_pr__nfet_01v8/(1|3) = 1        |  sky130_fd_pr__nfet_01v8/(1|3) = 1        
---------------------------------------------------------------------------------------

---------------------------------------------------------------------------------------
Net: gnd                                   |Net: gnd                                   
  sky130_fd_pr__res_high_po/3 = 4          |  sky130_fd_pr__res_xhigh_po_0p35/3 = 4    
  sky130_fd_pr__nfet_01v8/(1|3) = 21       |  sky130_fd_pr__nfet_01v8/(1|3) = 21       
  sky130_fd_pr__nfet_01v8/4 = 21           |  sky130_fd_pr__nfet_01v8/4 = 21           
---------------------------------------------------------------------------------------

---------------------------------------------------------------------------------------
Net: net20                                 |Net: XM22/S                                
  sky130_fd_pr__res_high_po/(1|2) = 1      |  sky130_fd_pr__res_xhigh_po_0p35/(1|2) =  
  sky130_fd_pr__pfet_01v8/(1|3) = 2        |  sky130_fd_pr__pfet_01v8/(1|3) = 2        
                                           |                                           
Net: net10                                 |Net: XM21/S                                
  sky130_fd_pr__res_high_po/(1|2) = 1      |  sky130_fd_pr__res_xhigh_po_0p35/(1|2) =  
  sky130_fd_pr__pfet_01v8/(1|3) = 2        |  sky130_fd_pr__pfet_01v8/(1|3) = 2        
---------------------------------------------------------------------------------------

---------------------------------------------------------------------------------------
Net: Vminus                                |Net: Vminus                                
  sky130_fd_pr__res_high_po/(1|2) = 2      |  sky130_fd_pr__cap_mim_m3_2/2 = 8         
  sky130_fd_pr__cap_mim_m3_2/1 = 8         |  sky130_fd_pr__res_xhigh_po_0p35/(1|2) =  
  sky130_fd_pr__nfet_01v8/(1|3) = 1        |  sky130_fd_pr__nfet_01v8/(1|3) = 1        
                                           |                                           
Net: Vplus                                 |Net: Vplus                                 
  sky130_fd_pr__res_high_po/(1|2) = 2      |  sky130_fd_pr__cap_mim_m3_2/2 = 8         
  sky130_fd_pr__cap_mim_m3_2/1 = 8         |  sky130_fd_pr__res_xhigh_po_0p35/(1|2) =  
  sky130_fd_pr__nfet_01v8/(1|3) = 1        |  sky130_fd_pr__nfet_01v8/(1|3) = 1        
---------------------------------------------------------------------------------------
DEVICE mismatches: Class fragments follow (with node fanout counts):
Circuit 1: rc                              |Circuit 2: rc                              

---------------------------------------------------------------------------------------
Instance: sky130_fd_pr__res_high_po:R1     |Instance: r455k_0//sky130_fd_pr__res_xhigh 
  (1,2) = (11,3)                           |  (1,2) = (11,2)                           
  3 = 46                                   |  3 = 46                                   
                                           |                                           
Instance: sky130_fd_pr__res_high_po:R3     |Instance: r455k_1//sky130_fd_pr__res_xhigh 
  (1,2) = (11,3)                           |  (1,2) = (11,2)                           
  3 = 46                                   |  3 = 46                                   
                                           |                                           
Instance: sky130_fd_pr__res_high_po:R2     |Instance: r455k_3//sky130_fd_pr__res_xhigh 
  (1,2) = (11,2)                           |  (1,2) = (11,3)                           
  3 = 46                                   |  3 = 46                                   
                                           |                                           
Instance: sky130_fd_pr__res_high_po:R4     |Instance: r455k_2//sky130_fd_pr__res_xhigh 
  (1,2) = (11,2)                           |  (1,2) = (11,3)                           
  3 = 46                                   |  3 = 46                                   
---------------------------------------------------------------------------------------

---------------------------------------------------------------------------------------
Instance: sky130_fd_pr__cap_mim_m3_2:C16   |Instance: sky130_fd_pr__cap_mim_m3_2_9C22P 
  1 = 11                                   |  1 = 2                                    
  2 = 2                                    |  2 = 11                                   
                                           |                                           
Instance: sky130_fd_pr__cap_mim_m3_2:C15   |Instance: sky130_fd_pr__cap_mim_m3_2_L3QPZ 
  1 = 11                                   |  1 = 2                                    
  2 = 2                                    |  2 = 11                                   
                                           |                                           
Instance: sky130_fd_pr__cap_mim_m3_2:C14   |Instance: sky130_fd_pr__cap_mim_m3_2_EBAAW 
  1 = 11                                   |  1 = 2                                    
  2 = 2                                    |  2 = 11                                   
                                           |                                           
Instance: sky130_fd_pr__cap_mim_m3_2:C13   |Instance: sky130_fd_pr__cap_mim_m3_2_VGL9L 
  1 = 11                                   |  1 = 2                                    
  2 = 2                                    |  2 = 11                                   
                                           |                                           
Instance: sky130_fd_pr__cap_mim_m3_2:C12   |Instance: sky130_fd_pr__cap_mim_m3_2_QTMDR 
  1 = 11                                   |  1 = 2                                    
  2 = 2                                    |  2 = 11                                   
                                           |                                           
Instance: sky130_fd_pr__cap_mim_m3_2:C11   |Instance: sky130_fd_pr__cap_mim_m3_2_7P7PS 
  1 = 11                                   |  1 = 2                                    
  2 = 2                                    |  2 = 11                                   
                                           |                                           
Instance: sky130_fd_pr__cap_mim_m3_2:C10   |Instance: sky130_fd_pr__cap_mim_m3_2_YCP9R 
  1 = 11                                   |  1 = 2                                    
  2 = 2                                    |  2 = 11                                   
                                           |                                           
Instance: sky130_fd_pr__cap_mim_m3_2:C9    |Instance: sky130_fd_pr__cap_mim_m3_2_9C22P 
  1 = 11                                   |  1 = 2                                    
  2 = 2                                    |  2 = 11                                   
                                           |                                           
Instance: sky130_fd_pr__cap_mim_m3_2:C8    |Instance: sky130_fd_pr__cap_mim_m3_2_9C22P 
  1 = 11                                   |  1 = 2                                    
  2 = 2                                    |  2 = 11                                   
                                           |                                           
Instance: sky130_fd_pr__cap_mim_m3_2:C7    |Instance: sky130_fd_pr__cap_mim_m3_2_L3QPZ 
  1 = 11                                   |  1 = 2                                    
  2 = 2                                    |  2 = 11                                   
                                           |                                           
Instance: sky130_fd_pr__cap_mim_m3_2:C6    |Instance: sky130_fd_pr__cap_mim_m3_2_EBAAW 
  1 = 11                                   |  1 = 2                                    
  2 = 2                                    |  2 = 11                                   
                                           |                                           
Instance: sky130_fd_pr__cap_mim_m3_2:C5    |Instance: sky130_fd_pr__cap_mim_m3_2_VGL9L 
  1 = 11                                   |  1 = 2                                    
  2 = 2                                    |  2 = 11                                   
                                           |                                           
Instance: sky130_fd_pr__cap_mim_m3_2:C4    |Instance: sky130_fd_pr__cap_mim_m3_2_QTMDR 
  1 = 11                                   |  1 = 2                                    
  2 = 2                                    |  2 = 11                                   
                                           |                                           
Instance: sky130_fd_pr__cap_mim_m3_2:C3    |Instance: sky130_fd_pr__cap_mim_m3_2_7P7PS 
  1 = 11                                   |  1 = 2                                    
  2 = 2                                    |  2 = 11                                   
                                           |                                           
Instance: sky130_fd_pr__cap_mim_m3_2:C2    |Instance: sky130_fd_pr__cap_mim_m3_2_YCP9R 
  1 = 11                                   |  1 = 2                                    
  2 = 2                                    |  2 = 11                                   
                                           |                                           
Instance: sky130_fd_pr__cap_mim_m3_2:C1    |Instance: sky130_fd_pr__cap_mim_m3_2_9C22P 
  1 = 11                                   |  1 = 2                                    
  2 = 2                                    |  2 = 11                                   
---------------------------------------------------------------------------------------
Netlists do not match.
Port matching may fail to disambiguate symmetries.
  Flattening non-matched subcircuits rc rc

Subcircuit summary:
Circuit 1: relax_oscillator_tb             |Circuit 2: relax_oscillator_tb             
-------------------------------------------|-------------------------------------------
sky130_fd_pr__pfet_01v8 (11)               |sky130_fd_pr__pfet_01v8 (11)               
sky130_fd_pr__nfet_01v8 (28)               |sky130_fd_pr__nfet_01v8 (28)               
sky130_fd_pr__res_high_po (6)              |(no matching element)                      
pulse_generator (2)                        |pulse_generator (2)                        
sr_latch (1)                               |sr_latch (1)                               
sky130_fd_pr__cap_mim_m3_2 (16)            |sky130_fd_pr__cap_mim_m3_2 (16)            
(no matching element)                      |sky130_fd_pr__res_xhigh_po_0p35 (23->6)    
Number of devices: 64                      |Number of devices: 64                      
Number of nets: 46                         |Number of nets: 46                         
---------------------------------------------------------------------------------------
NET mismatches: Class fragments follow (with fanout counts):
Circuit 1: relax_oscillator_tb             |Circuit 2: relax_oscillator_tb             

---------------------------------------------------------------------------------------
Net: rc:5/net20                            |Net: rc:x5/XM22/S                          
  sky130_fd_pr__res_high_po/(1|2) = 1      |  sky130_fd_pr__res_xhigh_po_0p35/(1|2) =  
  sky130_fd_pr__pfet_01v8/(1|3) = 2        |  sky130_fd_pr__pfet_01v8/(1|3) = 2        
                                           |                                           
Net: rc:5/net10                            |Net: rc:x5/XM21/S                          
  sky130_fd_pr__res_high_po/(1|2) = 1      |  sky130_fd_pr__res_xhigh_po_0p35/(1|2) =  
  sky130_fd_pr__pfet_01v8/(1|3) = 2        |  sky130_fd_pr__pfet_01v8/(1|3) = 2        
---------------------------------------------------------------------------------------

---------------------------------------------------------------------------------------
Net: rc:5/net18                            |Net: rc:x5/XM11/S                          
  sky130_fd_pr__cap_mim_m3_2/2 = 1         |  sky130_fd_pr__cap_mim_m3_2/1 = 1         
  sky130_fd_pr__nfet_01v8/(1|3) = 1        |  sky130_fd_pr__nfet_01v8/(1|3) = 1        
                                           |                                           
Net: rc:5/net17                            |Net: rc:x5/XM18/S                          
  sky130_fd_pr__cap_mim_m3_2/2 = 1         |  sky130_fd_pr__nfet_01v8/(1|3) = 1        
  sky130_fd_pr__nfet_01v8/(1|3) = 1        |  sky130_fd_pr__cap_mim_m3_2/1 = 1         
                                           |                                           
Net: rc:5/net16                            |Net: rc:x5/XM17/S                          
  sky130_fd_pr__cap_mim_m3_2/2 = 1         |  sky130_fd_pr__nfet_01v8/(1|3) = 1        
  sky130_fd_pr__nfet_01v8/(1|3) = 1        |  sky130_fd_pr__cap_mim_m3_2/1 = 1         
                                           |                                           
Net: rc:5/net15                            |Net: rc:x5/XM16/S                          
  sky130_fd_pr__cap_mim_m3_2/2 = 1         |  sky130_fd_pr__nfet_01v8/(1|3) = 1        
  sky130_fd_pr__nfet_01v8/(1|3) = 1        |  sky130_fd_pr__cap_mim_m3_2/1 = 1         
                                           |                                           
Net: rc:5/net14                            |Net: rc:x5/XM15/S                          
  sky130_fd_pr__cap_mim_m3_2/2 = 1         |  sky130_fd_pr__nfet_01v8/(1|3) = 1        
  sky130_fd_pr__nfet_01v8/(1|3) = 1        |  sky130_fd_pr__cap_mim_m3_2/1 = 1         
                                           |                                           
Net: rc:5/net13                            |Net: rc:x5/XM13/S                          
  sky130_fd_pr__cap_mim_m3_2/2 = 1         |  sky130_fd_pr__nfet_01v8/(1|3) = 1        
  sky130_fd_pr__nfet_01v8/(1|3) = 1        |  sky130_fd_pr__cap_mim_m3_2/1 = 1         
                                           |                                           
Net: rc:5/net12                            |Net: rc:x5/XM14/S                          
  sky130_fd_pr__cap_mim_m3_2/2 = 1         |  sky130_fd_pr__nfet_01v8/(1|3) = 1        
  sky130_fd_pr__nfet_01v8/(1|3) = 1        |  sky130_fd_pr__cap_mim_m3_2/1 = 1         
                                           |                                           
Net: rc:5/net11                            |Net: rc:x5/XM12/S                          
  sky130_fd_pr__cap_mim_m3_2/2 = 1         |  sky130_fd_pr__nfet_01v8/(1|3) = 1        
  sky130_fd_pr__nfet_01v8/(1|3) = 1        |  sky130_fd_pr__cap_mim_m3_2/1 = 1         
                                           |                                           
Net: rc:5/net19                            |Net: rc:x5/XM8/S                           
  sky130_fd_pr__res_high_po/(1|2) = 1      |  sky130_fd_pr__nfet_01v8/(1|3) = 1        
  sky130_fd_pr__nfet_01v8/(1|3) = 1        |  sky130_fd_pr__cap_mim_m3_2/1 = 1         
                                           |                                           
Net: rc:5/net8                             |Net: rc:x5/XM7/S                           
  sky130_fd_pr__cap_mim_m3_2/2 = 1         |  sky130_fd_pr__nfet_01v8/(1|3) = 1        
  sky130_fd_pr__nfet_01v8/(1|3) = 1        |  sky130_fd_pr__cap_mim_m3_2/1 = 1         
                                           |                                           
Net: rc:5/net7                             |Net: rc:x5/XM6/S                           
  sky130_fd_pr__cap_mim_m3_2/2 = 1         |  sky130_fd_pr__nfet_01v8/(1|3) = 1        
  sky130_fd_pr__nfet_01v8/(1|3) = 1        |  sky130_fd_pr__cap_mim_m3_2/1 = 1         
                                           |                                           
Net: rc:5/net6                             |Net: rc:x5/XM5/S                           
  sky130_fd_pr__cap_mim_m3_2/2 = 1         |  sky130_fd_pr__nfet_01v8/(1|3) = 1        
  sky130_fd_pr__nfet_01v8/(1|3) = 1        |  sky130_fd_pr__cap_mim_m3_2/1 = 1         
                                           |                                           
Net: rc:5/net5                             |Net: rc:x5/XM4/S                           
  sky130_fd_pr__cap_mim_m3_2/2 = 1         |  sky130_fd_pr__nfet_01v8/(1|3) = 1        
  sky130_fd_pr__nfet_01v8/(1|3) = 1        |  sky130_fd_pr__cap_mim_m3_2/1 = 1         
                                           |                                           
Net: rc:5/net4                             |Net: rc:x5/XM3/S                           
  sky130_fd_pr__cap_mim_m3_2/2 = 1         |  sky130_fd_pr__nfet_01v8/(1|3) = 1        
  sky130_fd_pr__nfet_01v8/(1|3) = 1        |  sky130_fd_pr__cap_mim_m3_2/1 = 1         
                                           |                                           
Net: rc:5/net3                             |Net: rc:x5/XM2/S                           
  sky130_fd_pr__cap_mim_m3_2/2 = 1         |  sky130_fd_pr__nfet_01v8/(1|3) = 1        
  sky130_fd_pr__nfet_01v8/(1|3) = 1        |  sky130_fd_pr__cap_mim_m3_2/1 = 1         
                                           |                                           
Net: rc:5/net2                             |Net: rc:x5/XM1/S                           
  sky130_fd_pr__cap_mim_m3_2/2 = 1         |  sky130_fd_pr__nfet_01v8/(1|3) = 1        
  sky130_fd_pr__nfet_01v8/(1|3) = 1        |  sky130_fd_pr__cap_mim_m3_2/1 = 1         
                                           |                                           
Net: rc:5/net1                             |Net: rc:x5/sky130_fd_pr__nfet_01v8_U7EHYF_ 
  sky130_fd_pr__cap_mim_m3_2/2 = 1         |  sky130_fd_pr__res_xhigh_po_0p35/(1|2) =  
  sky130_fd_pr__nfet_01v8/(1|3) = 1        |  sky130_fd_pr__nfet_01v8/(1|3) = 1        
                                           |                                           
Net: rc:5/net9                             |Net: rc:x5/XM9/S                           
  sky130_fd_pr__res_high_po/(1|2) = 1      |  sky130_fd_pr__res_xhigh_po_0p35/(1|2) =  
  sky130_fd_pr__nfet_01v8/(1|3) = 1        |  sky130_fd_pr__nfet_01v8/(1|3) = 1        
                                           |                                           
Net: comparator:1/net6                     |Net: comparator:x1/XM11/S                  
  sky130_fd_pr__nfet_01v8/(1|3) = 1        |  sky130_fd_pr__res_xhigh_po_0p35/(1|2) =  
  sky130_fd_pr__res_high_po/(1|2) = 1      |  sky130_fd_pr__nfet_01v8/(1|3) = 1        
---------------------------------------------------------------------------------------

---------------------------------------------------------------------------------------
Net: gnd                                   |Net: gnd                                   
  sky130_fd_pr__nfet_01v8/(1|3) = 25       |  sky130_fd_pr__nfet_01v8/(1|3) = 25       
  sky130_fd_pr__nfet_01v8/4 = 28           |  sky130_fd_pr__nfet_01v8/4 = 28           
  sky130_fd_pr__res_high_po/3 = 6          |  sky130_fd_pr__res_xhigh_po_0p35/3 = 6    
  sky130_fd_pr__res_high_po/(1|2) = 1      |  sky130_fd_pr__res_xhigh_po_0p35/(1|2) =  
  pulse_generator/gnd = 2                  |  pulse_generator/gnd = 2                  
  sr_latch/Gnd = 1                         |  sr_latch/Gnd = 1                         
---------------------------------------------------------------------------------------

---------------------------------------------------------------------------------------
Net: vplus                                 |Net: x5/Vplus                              
  sky130_fd_pr__nfet_01v8/2 = 1            |  sky130_fd_pr__nfet_01v8/2 = 1            
  sky130_fd_pr__res_high_po/(1|2) = 3      |  sky130_fd_pr__res_xhigh_po_0p35/(1|2) =  
  sky130_fd_pr__cap_mim_m3_2/1 = 8         |  sky130_fd_pr__cap_mim_m3_2/2 = 8         
  sky130_fd_pr__nfet_01v8/(1|3) = 1        |  sky130_fd_pr__nfet_01v8/(1|3) = 1        
---------------------------------------------------------------------------------------

---------------------------------------------------------------------------------------
Net: vminus                                |Net: x5/Vminus                             
  sky130_fd_pr__nfet_01v8/2 = 1            |  sky130_fd_pr__nfet_01v8/2 = 1            
  sky130_fd_pr__res_high_po/(1|2) = 2      |  sky130_fd_pr__cap_mim_m3_2/2 = 8         
  sky130_fd_pr__cap_mim_m3_2/1 = 8         |  sky130_fd_pr__res_xhigh_po_0p35/(1|2) =  
  sky130_fd_pr__nfet_01v8/(1|3) = 1        |  sky130_fd_pr__nfet_01v8/(1|3) = 1        
---------------------------------------------------------------------------------------

---------------------------------------------------------------------------------------
Net: out                                   |Net: out                                   
  sky130_fd_pr__pfet_01v8/(1|3) = 1        |  sky130_fd_pr__pfet_01v8/(1|3) = 1        
  sky130_fd_pr__nfet_01v8/(1|3) = 1        |  sky130_fd_pr__nfet_01v8/(1|3) = 1        
  sky130_fd_pr__res_high_po/(1|2) = 1      |  sky130_fd_pr__res_xhigh_po_0p35/(1|2) =  
  pulse_generator/in = 1                   |  pulse_generator/in = 1                   
---------------------------------------------------------------------------------------
DEVICE mismatches: Class fragments follow (with node fanout counts):
Circuit 1: relax_oscillator_tb             |Circuit 2: relax_oscillator_tb             

---------------------------------------------------------------------------------------
Instance: comparator:1/sky130_fd_pr__res_h |Instance: comparator:x1//sky130_fd_pr__res 
  (1,2) = (13,4)                           |  (1,2) = (63,2)                           
  3 = 63                                   |  3 = 63                                   
                                           |                                           
Instance: comparator:1/sky130_fd_pr__res_h |Instance: comparator:x1//sky130_fd_pr__res 
  (1,2) = (63,2)                           |  (1,2) = (13,4)                           
  3 = 63                                   |  3 = 63                                   
                                           |                                           
Instance: rc:5/sky130_fd_pr__res_high_po:R |Instance: rc:x5//r455k_0//sky130_fd_pr__re 
  (1,2) = (13,3)                           |  (1,2) = (13,2)                           
  3 = 63                                   |  3 = 63                                   
                                           |                                           
Instance: rc:5/sky130_fd_pr__res_high_po:R |Instance: rc:x5//r455k_1//sky130_fd_pr__re 
  (1,2) = (13,2)                           |  (1,2) = (12,2)                           
  3 = 63                                   |  3 = 63                                   
                                           |                                           
Instance: rc:5/sky130_fd_pr__res_high_po:R |Instance: rc:x5//r455k_3//sky130_fd_pr__re 
  (1,2) = (12,3)                           |  (1,2) = (13,3)                           
  3 = 63                                   |  3 = 63                                   
                                           |                                           
Instance: rc:5/sky130_fd_pr__res_high_po:R |Instance: rc:x5//r455k_2//sky130_fd_pr__re 
  (1,2) = (12,2)                           |  (1,2) = (12,3)                           
  3 = 63                                   |  3 = 63                                   
---------------------------------------------------------------------------------------

---------------------------------------------------------------------------------------
Instance: rc:5/sky130_fd_pr__cap_mim_m3_2: |Instance: rc:x5/sky130_fd_pr__cap_mim_m3_2 
  1 = 12                                   |  1 = 2                                    
  2 = 2                                    |  2 = 12                                   
                                           |                                           
Instance: rc:5/sky130_fd_pr__cap_mim_m3_2: |Instance: rc:x5/sky130_fd_pr__cap_mim_m3_2 
  1 = 12                                   |  1 = 2                                    
  2 = 2                                    |  2 = 12                                   
                                           |                                           
Instance: rc:5/sky130_fd_pr__cap_mim_m3_2: |Instance: rc:x5/sky130_fd_pr__cap_mim_m3_2 
  1 = 12                                   |  1 = 2                                    
  2 = 2                                    |  2 = 12                                   
                                           |                                           
Instance: rc:5/sky130_fd_pr__cap_mim_m3_2: |Instance: rc:x5/sky130_fd_pr__cap_mim_m3_2 
  1 = 12                                   |  1 = 2                                    
  2 = 2                                    |  2 = 12                                   
                                           |                                           
Instance: rc:5/sky130_fd_pr__cap_mim_m3_2: |Instance: rc:x5/sky130_fd_pr__cap_mim_m3_2 
  1 = 12                                   |  1 = 2                                    
  2 = 2                                    |  2 = 12                                   
                                           |                                           
Instance: rc:5/sky130_fd_pr__cap_mim_m3_2: |Instance: rc:x5/sky130_fd_pr__cap_mim_m3_2 
  1 = 12                                   |  1 = 2                                    
  2 = 2                                    |  2 = 12                                   
                                           |                                           
Instance: rc:5/sky130_fd_pr__cap_mim_m3_2: |Instance: rc:x5/sky130_fd_pr__cap_mim_m3_2 
  1 = 12                                   |  1 = 2                                    
  2 = 2                                    |  2 = 12                                   
                                           |                                           
Instance: rc:5/sky130_fd_pr__cap_mim_m3_2: |Instance: rc:x5/sky130_fd_pr__cap_mim_m3_2 
  1 = 12                                   |  1 = 2                                    
  2 = 2                                    |  2 = 12                                   
                                           |                                           
Instance: rc:5/sky130_fd_pr__cap_mim_m3_2: |Instance: rc:x5/sky130_fd_pr__cap_mim_m3_2 
  1 = 13                                   |  1 = 2                                    
  2 = 2                                    |  2 = 13                                   
                                           |                                           
Instance: rc:5/sky130_fd_pr__cap_mim_m3_2: |Instance: rc:x5/sky130_fd_pr__cap_mim_m3_2 
  1 = 13                                   |  1 = 2                                    
  2 = 2                                    |  2 = 13                                   
                                           |                                           
Instance: rc:5/sky130_fd_pr__cap_mim_m3_2: |Instance: rc:x5/sky130_fd_pr__cap_mim_m3_2 
  1 = 13                                   |  1 = 2                                    
  2 = 2                                    |  2 = 13                                   
                                           |                                           
Instance: rc:5/sky130_fd_pr__cap_mim_m3_2: |Instance: rc:x5/sky130_fd_pr__cap_mim_m3_2 
  1 = 13                                   |  1 = 2                                    
  2 = 2                                    |  2 = 13                                   
                                           |                                           
Instance: rc:5/sky130_fd_pr__cap_mim_m3_2: |Instance: rc:x5/sky130_fd_pr__cap_mim_m3_2 
  1 = 13                                   |  1 = 2                                    
  2 = 2                                    |  2 = 13                                   
                                           |                                           
Instance: rc:5/sky130_fd_pr__cap_mim_m3_2: |Instance: rc:x5/sky130_fd_pr__cap_mim_m3_2 
  1 = 13                                   |  1 = 2                                    
  2 = 2                                    |  2 = 13                                   
                                           |                                           
Instance: rc:5/sky130_fd_pr__cap_mim_m3_2: |Instance: rc:x5/sky130_fd_pr__cap_mim_m3_2 
  1 = 13                                   |  1 = 2                                    
  2 = 2                                    |  2 = 13                                   
                                           |                                           
Instance: rc:5/sky130_fd_pr__cap_mim_m3_2: |Instance: rc:x5/sky130_fd_pr__cap_mim_m3_2 
  1 = 13                                   |  1 = 2                                    
  2 = 2                                    |  2 = 13                                   
---------------------------------------------------------------------------------------
Netlists do not match.
Port matching may fail to disambiguate symmetries.

Subcircuit pins:
Circuit 1: relax_oscillator_tb             |Circuit 2: relax_oscillator_tb             
-------------------------------------------|-------------------------------------------
Bit1                                       |Bit1                                       
Bit2                                       |Bit2                                       
Bit6                                       |Bit6                                       
Bit3                                       |Bit3                                       
Bit4                                       |Bit4                                       
Bit0                                       |Bit0                                       
Bit5                                       |Bit5                                       
Bit7                                       |Bit7                                       
gnd                                        |gnd                                        
out                                        |out                                        
rst_rc                                     |rst_rc                                     
Vdd                                        |Vdd                                        
---------------------------------------------------------------------------------------
Cell pin lists are equivalent.
Device classes relax_oscillator_tb and relax_oscillator_tb are equivalent.

Final result: Netlists do not match.
Port matching may fail to disambiguate symmetries.
